<?xml version="1.0" encoding="UTF-8"?>
<testsuite name="testDemo1"
           tests="12"
           failures="3"
           errors="0"
           skipped="9"
           time="40.567">
  <properties />
            <testcase name="TestCase" time="5.002" classname="apitest.ApiTestNgTest">
                <failure type="http.HttpClientException"
                  message="IO error,Connect to 59.110.139.20:8080 [/59.110.139.20] failed: connect timed out"
              >
<![CDATA[http.HttpClientException: IO error,Connect to 59.110.139.20:8080 [/59.110.139.20] failed: connect timed out
  http.HttpUtils.doGet(HttpUtils.java:78)
  apitest.ApiTestNgTest.TestCase(ApiTestNgTest.java:31)
  sun.reflect.NativeMethodAccessorImpl.invoke0(Native Method)
  sun.reflect.NativeMethodAccessorImpl.invoke(NativeMethodAccessorImpl.java:62)
  sun.reflect.DelegatingMethodAccessorImpl.invoke(DelegatingMethodAccessorImpl.java:43)
  java.lang.reflect.Method.invoke(Method.java:498)
  org.testng.internal.MethodInvocationHelper.invokeMethod(MethodInvocationHelper.java:124)
  org.testng.internal.Invoker.invokeMethod(Invoker.java:571)
  org.testng.internal.Invoker.retryFailed(Invoker.java:829)
  org.testng.internal.Invoker.invokeTestMethods(Invoker.java:1000)
  org.testng.internal.TestMethodWorker.invokeTestMethods(TestMethodWorker.java:125)
  org.testng.internal.TestMethodWorker.run(TestMethodWorker.java:109)
  org.testng.TestRunner.privateRun(TestRunner.java:648)
  org.testng.TestRunner.run(TestRunner.java:505)
  org.testng.SuiteRunner.runTest(SuiteRunner.java:455)
  org.testng.SuiteRunner.runSequentially(SuiteRunner.java:450)
  org.testng.SuiteRunner.privateRun(SuiteRunner.java:415)
  org.testng.SuiteRunner.run(SuiteRunner.java:364)
  org.testng.SuiteRunnerWorker.runSuite(SuiteRunnerWorker.java:52)
  org.testng.SuiteRunnerWorker.run(SuiteRunnerWorker.java:84)
  org.testng.TestNG.runSuitesSequentially(TestNG.java:1187)
  org.testng.TestNG.runSuitesLocally(TestNG.java:1116)
  org.testng.TestNG.runSuites(TestNG.java:1028)
  org.testng.TestNG.run(TestNG.java:996)
  org.apache.maven.surefire.testng.TestNGExecutor.run(TestNGExecutor.java:283)
  org.apache.maven.surefire.testng.TestNGXmlTestSuite.execute(TestNGXmlTestSuite.java:75)
  org.apache.maven.surefire.testng.TestNGProvider.invoke(TestNGProvider.java:120)
  org.apache.maven.surefire.booter.ForkedBooter.invokeProviderInSameClassLoader(ForkedBooter.java:373)
  org.apache.maven.surefire.booter.ForkedBooter.runSuitesInProcess(ForkedBooter.java:334)
  org.apache.maven.surefire.booter.ForkedBooter.execute(ForkedBooter.java:119)
  org.apache.maven.surefire.booter.ForkedBooter.main(ForkedBooter.java:407)
]]>
      </failure>

          </testcase>
            <testcase name="TestCase" time="0.000" classname="apitest.ApiTestNgTest">
                <failure type="java.lang.NullPointerException"
                  message="(null)"
              >
<![CDATA[java.lang.NullPointerException
  utils.PatternUtils.matcher(PatternUtils.java:21)
  apitest.ApiTestNgTest.TestCase(ApiTestNgTest.java:27)
  sun.reflect.NativeMethodAccessorImpl.invoke0(Native Method)
  sun.reflect.NativeMethodAccessorImpl.invoke(NativeMethodAccessorImpl.java:62)
  sun.reflect.DelegatingMethodAccessorImpl.invoke(DelegatingMethodAccessorImpl.java:43)
  java.lang.reflect.Method.invoke(Method.java:498)
  org.testng.internal.MethodInvocationHelper.invokeMethod(MethodInvocationHelper.java:124)
  org.testng.internal.Invoker.invokeMethod(Invoker.java:571)
  org.testng.internal.Invoker.retryFailed(Invoker.java:829)
  org.testng.internal.Invoker.invokeTestMethods(Invoker.java:1000)
  org.testng.internal.TestMethodWorker.invokeTestMethods(TestMethodWorker.java:125)
  org.testng.internal.TestMethodWorker.run(TestMethodWorker.java:109)
  org.testng.TestRunner.privateRun(TestRunner.java:648)
  org.testng.TestRunner.run(TestRunner.java:505)
  org.testng.SuiteRunner.runTest(SuiteRunner.java:455)
  org.testng.SuiteRunner.runSequentially(SuiteRunner.java:450)
  org.testng.SuiteRunner.privateRun(SuiteRunner.java:415)
  org.testng.SuiteRunner.run(SuiteRunner.java:364)
  org.testng.SuiteRunnerWorker.runSuite(SuiteRunnerWorker.java:52)
  org.testng.SuiteRunnerWorker.run(SuiteRunnerWorker.java:84)
  org.testng.TestNG.runSuitesSequentially(TestNG.java:1187)
  org.testng.TestNG.runSuitesLocally(TestNG.java:1116)
  org.testng.TestNG.runSuites(TestNG.java:1028)
  org.testng.TestNG.run(TestNG.java:996)
  org.apache.maven.surefire.testng.TestNGExecutor.run(TestNGExecutor.java:283)
  org.apache.maven.surefire.testng.TestNGXmlTestSuite.execute(TestNGXmlTestSuite.java:75)
  org.apache.maven.surefire.testng.TestNGProvider.invoke(TestNGProvider.java:120)
  org.apache.maven.surefire.booter.ForkedBooter.invokeProviderInSameClassLoader(ForkedBooter.java:373)
  org.apache.maven.surefire.booter.ForkedBooter.runSuitesInProcess(ForkedBooter.java:334)
  org.apache.maven.surefire.booter.ForkedBooter.execute(ForkedBooter.java:119)
  org.apache.maven.surefire.booter.ForkedBooter.main(ForkedBooter.java:407)
]]>
      </failure>

          </testcase>
            <testcase name="TestCase" time="5.003" classname="apitest.ApiTestNgTest">
                <failure type="http.HttpClientException"
                  message="IO error,Connect to 59.110.139.20:8080 [/59.110.139.20] failed: connect timed out"
              >
<![CDATA[http.HttpClientException: IO error,Connect to 59.110.139.20:8080 [/59.110.139.20] failed: connect timed out
  http.HttpUtils.doPostJson(HttpUtils.java:195)
  apitest.ApiTestNgTest.TestCase(ApiTestNgTest.java:35)
  sun.reflect.NativeMethodAccessorImpl.invoke0(Native Method)
  sun.reflect.NativeMethodAccessorImpl.invoke(NativeMethodAccessorImpl.java:62)
  sun.reflect.DelegatingMethodAccessorImpl.invoke(DelegatingMethodAccessorImpl.java:43)
  java.lang.reflect.Method.invoke(Method.java:498)
  org.testng.internal.MethodInvocationHelper.invokeMethod(MethodInvocationHelper.java:124)
  org.testng.internal.Invoker.invokeMethod(Invoker.java:571)
  org.testng.internal.Invoker.retryFailed(Invoker.java:829)
  org.testng.internal.Invoker.invokeTestMethods(Invoker.java:1000)
  org.testng.internal.TestMethodWorker.invokeTestMethods(TestMethodWorker.java:125)
  org.testng.internal.TestMethodWorker.run(TestMethodWorker.java:109)
  org.testng.TestRunner.privateRun(TestRunner.java:648)
  org.testng.TestRunner.run(TestRunner.java:505)
  org.testng.SuiteRunner.runTest(SuiteRunner.java:455)
  org.testng.SuiteRunner.runSequentially(SuiteRunner.java:450)
  org.testng.SuiteRunner.privateRun(SuiteRunner.java:415)
  org.testng.SuiteRunner.run(SuiteRunner.java:364)
  org.testng.SuiteRunnerWorker.runSuite(SuiteRunnerWorker.java:52)
  org.testng.SuiteRunnerWorker.run(SuiteRunnerWorker.java:84)
  org.testng.TestNG.runSuitesSequentially(TestNG.java:1187)
  org.testng.TestNG.runSuitesLocally(TestNG.java:1116)
  org.testng.TestNG.runSuites(TestNG.java:1028)
  org.testng.TestNG.run(TestNG.java:996)
  org.apache.maven.surefire.testng.TestNGExecutor.run(TestNGExecutor.java:283)
  org.apache.maven.surefire.testng.TestNGXmlTestSuite.execute(TestNGXmlTestSuite.java:75)
  org.apache.maven.surefire.testng.TestNGProvider.invoke(TestNGProvider.java:120)
  org.apache.maven.surefire.booter.ForkedBooter.invokeProviderInSameClassLoader(ForkedBooter.java:373)
  org.apache.maven.surefire.booter.ForkedBooter.runSuitesInProcess(ForkedBooter.java:334)
  org.apache.maven.surefire.booter.ForkedBooter.execute(ForkedBooter.java:119)
  org.apache.maven.surefire.booter.ForkedBooter.main(ForkedBooter.java:407)
]]>
      </failure>

          </testcase>
  
            <testcase name="TestCase" time="0.0" classname="apitest.ApiTestNgTest">
          <skipped />
    </testcase>
            <testcase name="TestCase" time="0.0" classname="apitest.ApiTestNgTest">
          <skipped />
    </testcase>
            <testcase name="TestCase" time="0.0" classname="apitest.ApiTestNgTest">
          <skipped />
    </testcase>
            <testcase name="TestCase" time="0.0" classname="apitest.ApiTestNgTest">
          <skipped />
    </testcase>
            <testcase name="TestCase" time="0.0" classname="apitest.ApiTestNgTest">
          <skipped />
    </testcase>
            <testcase name="TestCase" time="0.0" classname="apitest.ApiTestNgTest">
          <skipped />
    </testcase>
            <testcase name="TestCase" time="0.0" classname="apitest.ApiTestNgTest">
          <skipped />
    </testcase>
            <testcase name="TestCase" time="0.0" classname="apitest.ApiTestNgTest">
          <skipped />
    </testcase>
            <testcase name="TestCase" time="0.0" classname="apitest.ApiTestNgTest">
          <skipped />
    </testcase>
  
  
</testsuite>
