<?xml version="1.0" encoding="UTF-8"?>
<!-- Generated by org.testng.reporters.JUnitXMLReporter -->
<testsuite hostname="wsl123" ignored="0" name="Default test" tests="15" failures="4" timestamp="21 一月 2018 07:27:16 GMT" time="3.283" errors="0">
  <testcase name="TestCase" time="0.567" classname="apitest.ApiTestNgTest">
    <failure type="http.HttpClientException" message="System level error, Code=[500].">
      <![CDATA[http.HttpClientException: System level error, Code=[500].at http.HttpUtils.doGet(HttpUtils.java:73)at apitest.ApiTestNgTest.TestCase(ApiTestNgTest.java:31)at sun.reflect.NativeMethodAccessorImpl.invoke0(Native Method)at sun.reflect.NativeMethodAccessorImpl.invoke(NativeMethodAccessorImpl.java:62)at sun.reflect.DelegatingMethodAccessorImpl.invoke(DelegatingMethodAccessorImpl.java:43)at java.lang.reflect.Method.invoke(Method.java:483)at org.testng.internal.MethodInvocationHelper.invokeMethod(MethodInvocationHelper.java:124)at org.testng.internal.Invoker.invokeMethod(Invoker.java:571)at org.testng.internal.Invoker.invokeTestMethod(Invoker.java:707)at org.testng.internal.Invoker.invokeTestMethods(Invoker.java:979)at org.testng.internal.TestMethodWorker.invokeTestMethods(TestMethodWorker.java:125)at org.testng.internal.TestMethodWorker.run(TestMethodWorker.java:109)at org.testng.internal.thread.ThreadUtil$1.call(ThreadUtil.java:52)at java.util.concurrent.FutureTask.run(FutureTask.java:266)at java.util.concurrent.ThreadPoolExecutor.runWorker(ThreadPoolExecutor.java:1142)at java.util.concurrent.ThreadPoolExecutor$Worker.run(ThreadPoolExecutor.java:617)at java.lang.Thread.run(Thread.java:744)]]>
    </failure>
  </testcase> <!-- TestCase -->
  <testcase name="TestCase" time="0.68" classname="apitest.ApiTestNgTest">
    <failure type="http.HttpClientException" message="System level error, Code=[500].">
      <![CDATA[http.HttpClientException: System level error, Code=[500].at http.HttpUtils.doGet(HttpUtils.java:73)at apitest.ApiTestNgTest.TestCase(ApiTestNgTest.java:31)at sun.reflect.NativeMethodAccessorImpl.invoke0(Native Method)at sun.reflect.NativeMethodAccessorImpl.invoke(NativeMethodAccessorImpl.java:62)at sun.reflect.DelegatingMethodAccessorImpl.invoke(DelegatingMethodAccessorImpl.java:43)at java.lang.reflect.Method.invoke(Method.java:483)at org.testng.internal.MethodInvocationHelper.invokeMethod(MethodInvocationHelper.java:124)at org.testng.internal.Invoker.invokeMethod(Invoker.java:571)at org.testng.internal.Invoker.invokeTestMethod(Invoker.java:707)at org.testng.internal.Invoker.invokeTestMethods(Invoker.java:979)at org.testng.internal.TestMethodWorker.invokeTestMethods(TestMethodWorker.java:125)at org.testng.internal.TestMethodWorker.run(TestMethodWorker.java:109)at org.testng.internal.thread.ThreadUtil$1.call(ThreadUtil.java:52)at java.util.concurrent.FutureTask.run(FutureTask.java:266)at java.util.concurrent.ThreadPoolExecutor.runWorker(ThreadPoolExecutor.java:1142)at java.util.concurrent.ThreadPoolExecutor$Worker.run(ThreadPoolExecutor.java:617)at java.lang.Thread.run(Thread.java:744)]]>
    </failure>
  </testcase> <!-- TestCase -->
  <testcase name="TestCase" time="0.21" classname="apitest.ApiTestNgTest"/>
  <testcase name="TestCase" time="0.094" classname="apitest.ApiTestNgTest"/>
  <testcase name="TestCase" time="0.006" classname="apitest.ApiTestNgTest">
    <failure type="java.lang.NullPointerException">
      <![CDATA[java.lang.NullPointerExceptionat utils.PatternUtils.matcher(PatternUtils.java:21)at apitest.ApiTestNgTest.TestCase(ApiTestNgTest.java:27)at sun.reflect.NativeMethodAccessorImpl.invoke0(Native Method)at sun.reflect.NativeMethodAccessorImpl.invoke(NativeMethodAccessorImpl.java:62)at sun.reflect.DelegatingMethodAccessorImpl.invoke(DelegatingMethodAccessorImpl.java:43)at java.lang.reflect.Method.invoke(Method.java:483)at org.testng.internal.MethodInvocationHelper.invokeMethod(MethodInvocationHelper.java:124)at org.testng.internal.Invoker.invokeMethod(Invoker.java:571)at org.testng.internal.Invoker.invokeTestMethod(Invoker.java:707)at org.testng.internal.Invoker.invokeTestMethods(Invoker.java:979)at org.testng.internal.TestMethodWorker.invokeTestMethods(TestMethodWorker.java:125)at org.testng.internal.TestMethodWorker.run(TestMethodWorker.java:109)at org.testng.internal.thread.ThreadUtil$1.call(ThreadUtil.java:52)at java.util.concurrent.FutureTask.run(FutureTask.java:266)at java.util.concurrent.ThreadPoolExecutor.runWorker(ThreadPoolExecutor.java:1142)at java.util.concurrent.ThreadPoolExecutor$Worker.run(ThreadPoolExecutor.java:617)at java.lang.Thread.run(Thread.java:744)]]>
    </failure>
  </testcase> <!-- TestCase -->
  <testcase name="TestCase" time="0.003" classname="apitest.ApiTestNgTest">
    <failure type="java.lang.NullPointerException">
      <![CDATA[java.lang.NullPointerExceptionat utils.PatternUtils.matcher(PatternUtils.java:21)at apitest.ApiTestNgTest.TestCase(ApiTestNgTest.java:27)at sun.reflect.NativeMethodAccessorImpl.invoke0(Native Method)at sun.reflect.NativeMethodAccessorImpl.invoke(NativeMethodAccessorImpl.java:62)at sun.reflect.DelegatingMethodAccessorImpl.invoke(DelegatingMethodAccessorImpl.java:43)at java.lang.reflect.Method.invoke(Method.java:483)at org.testng.internal.MethodInvocationHelper.invokeMethod(MethodInvocationHelper.java:124)at org.testng.internal.Invoker.invokeMethod(Invoker.java:571)at org.testng.internal.Invoker.invokeTestMethod(Invoker.java:707)at org.testng.internal.Invoker.invokeTestMethods(Invoker.java:979)at org.testng.internal.TestMethodWorker.invokeTestMethods(TestMethodWorker.java:125)at org.testng.internal.TestMethodWorker.run(TestMethodWorker.java:109)at org.testng.internal.thread.ThreadUtil$1.call(ThreadUtil.java:52)at java.util.concurrent.FutureTask.run(FutureTask.java:266)at java.util.concurrent.ThreadPoolExecutor.runWorker(ThreadPoolExecutor.java:1142)at java.util.concurrent.ThreadPoolExecutor$Worker.run(ThreadPoolExecutor.java:617)at java.lang.Thread.run(Thread.java:744)]]>
    </failure>
  </testcase> <!-- TestCase -->
  <testcase name="TestCase" time="1.007" classname="apitest.ApiTestNgTest"/>
  <testcase name="TestCase" time="0.014" classname="apitest.ApiTestNgTest"/>
  <testcase name="TestCase" time="0.055" classname="apitest.ApiTestNgTest"/>
  <testcase name="TestCase" time="0.027" classname="apitest.ApiTestNgTest"/>
  <testcase name="TestCase" time="0.07" classname="apitest.ApiTestNgTest"/>
  <testcase name="TestCase" time="0.015" classname="apitest.ApiTestNgTest"/>
  <testcase name="TestCase" time="0.087" classname="apitest.ApiTestNgTest"/>
  <testcase name="TestCase" time="0.063" classname="apitest.ApiTestNgTest"/>
  <testcase name="TestCase" time="0.084" classname="apitest.ApiTestNgTest"/>
</testsuite> <!-- Default test -->
