<html>
<head>
<title>TestNG:  Default test</title>
<link href="../testng.css" rel="stylesheet" type="text/css" />
<link href="../my-testng.css" rel="stylesheet" type="text/css" />

<style type="text/css">
.log { display: none;} 
.stack-trace { display: none;} 
</style>
<script type="text/javascript">
<!--
function flip(e) {
  current = e.style.display;
  if (current == 'block') {
    e.style.display = 'none';
    return 0;
  }
  else {
    e.style.display = 'block';
    return 1;
  }
}

function toggleBox(szDivId, elem, msg1, msg2)
{
  var res = -1;  if (document.getElementById) {
    res = flip(document.getElementById(szDivId));
  }
  else if (document.all) {
    // this is the way old msie versions work
    res = flip(document.all[szDivId]);
  }
  if(elem) {
    if(res == 0) elem.innerHTML = msg1; else elem.innerHTML = msg2;
  }

}

function toggleAllBoxes() {
  if (document.getElementsByTagName) {
    d = document.getElementsByTagName('div');
    for (i = 0; i < d.length; i++) {
      if (d[i].className == 'log') {
        flip(d[i]);
      }
    }
  }
}

// -->
</script>

</head>
<body>
<h2 align='center'>Default test</h2><table border='1' align="center">
<tr>
<td>Tests passed/Failed/Skipped:</td><td>11/4/0</td>
</tr><tr>
<td>Started on:</td><td>Sun Jan 21 15:27:13 CST 2018</td>
</tr>
<tr><td>Total time:</td><td>3 seconds (3283 ms)</td>
</tr><tr>
<td>Included groups:</td><td></td>
</tr><tr>
<td>Excluded groups:</td><td></td>
</tr>
</table><p/>
<small><i>(Hover the method name to see the test class name)</i></small><p/>
<table width='100%' border='1' class='invocation-failed'>
<tr><td colspan='4' align='center'><b>FAILED TESTS</b></td></tr>
<tr><td><b>Test method</b></td>
<td width="30%"><b>Exception</b></td>
<td width="10%"><b>Time (seconds)</b></td>
<td><b>Instance</b></td>
</tr>
<tr>
<td title='apitest.ApiTestNgTest.TestCase()'><b>TestCase</b><br>Test class: apitest.ApiTestNgTest<br>Parameters: TestCase [type=get, url=http://59.110.139.20:8080/goods/UserServlet?method=loginMobile&loginname=test1&loginpass=test1, params=null, header=token=11;user=123;, result=null, check=$.code=1, correlation=id=$.uid]</td>
<td><div><pre>http.HttpClientException: System level error, Code=[500].
	at http.HttpUtils.doGet(HttpUtils.java:73)
	at apitest.ApiTestNgTest.TestCase(ApiTestNgTest.java:31)
	at sun.reflect.NativeMethodAccessorImpl.invoke0(Native Method)
	at sun.reflect.NativeMethodAccessorImpl.invoke(NativeMethodAccessorImpl.java:62)
	at sun.reflect.DelegatingMethodAccessorImpl.invoke(DelegatingMethodAccessorImpl.java:43)
	at java.lang.reflect.Method.invoke(Method.java:483)
	at org.testng.internal.MethodInvocationHelper.invokeMethod(MethodInvocationHelper.java:124)
	at org.testng.internal.Invoker.invokeMethod(Invoker.java:571)
	at org.testng.internal.Invoker.invokeTestMethod(Invoker.java:707)
	at org.testng.internal.Invoker.invokeTestMethods(Invoker.java:979)
	at org.testng.internal.TestMethodWorker.invokeTestMethods(TestMethodWorker.java:125)
	at org.testng.internal.TestMethodWorker.run(TestMethodWorker.java:109)
	at org.testng.internal.thread.ThreadUtil$1.call(ThreadUtil.java:52)
	at java.util.concurrent.FutureTask.run(FutureTask.java:266)
	at java.util.concurrent.ThreadPoolExecutor.runWorker(ThreadPoolExecutor.java:1142)
	at java.util.concurrent.ThreadPoolExecutor$Worker.run(ThreadPoolExecutor.java:617)
	at java.lang.Thread.run(Thread.java:744)
</pre></div><a href='#' onClick='toggleBox("stack-trace38827708", this, "Click to show all stack frames", "Click to hide stack frames")'>Click to show all stack frames</a>
<div class='stack-trace' id='stack-trace38827708'><pre>http.HttpClientException: System level error, Code=[500].
	at http.HttpUtils.doGet(HttpUtils.java:73)
	at apitest.ApiTestNgTest.TestCase(ApiTestNgTest.java:31)
	at sun.reflect.NativeMethodAccessorImpl.invoke0(Native Method)
	at sun.reflect.NativeMethodAccessorImpl.invoke(NativeMethodAccessorImpl.java:62)
	at sun.reflect.DelegatingMethodAccessorImpl.invoke(DelegatingMethodAccessorImpl.java:43)
	at java.lang.reflect.Method.invoke(Method.java:483)
	at org.testng.internal.MethodInvocationHelper.invokeMethod(MethodInvocationHelper.java:124)
	at org.testng.internal.Invoker.invokeMethod(Invoker.java:571)
	at org.testng.internal.Invoker.invokeTestMethod(Invoker.java:707)
	at org.testng.internal.Invoker.invokeTestMethods(Invoker.java:979)
	at org.testng.internal.TestMethodWorker.invokeTestMethods(TestMethodWorker.java:125)
	at org.testng.internal.TestMethodWorker.run(TestMethodWorker.java:109)
	at org.testng.internal.thread.ThreadUtil$1.call(ThreadUtil.java:52)
	at java.util.concurrent.FutureTask.run(FutureTask.java:266)
	at java.util.concurrent.ThreadPoolExecutor.runWorker(ThreadPoolExecutor.java:1142)
	at java.util.concurrent.ThreadPoolExecutor$Worker.run(ThreadPoolExecutor.java:617)
	at java.lang.Thread.run(Thread.java:744)
</pre></div></td>
<td>0</td>
<td>apitest.ApiTestNgTest@4501b7af</td></tr>
<tr>
<td title='apitest.ApiTestNgTest.TestCase()'><b>TestCase</b><br>Test class: apitest.ApiTestNgTest<br>Parameters: TestCase [type=get, url=http://59.110.139.20:8080/goods/UserServlet?method=loginMobile&loginname=test1&loginpass=test1, params=null, header=token=11;user=123;, result=null, check=$.code=1, correlation=id=$.uid]</td>
<td><div><pre>http.HttpClientException: System level error, Code=[500].
	at http.HttpUtils.doGet(HttpUtils.java:73)
	at apitest.ApiTestNgTest.TestCase(ApiTestNgTest.java:31)
	at sun.reflect.NativeMethodAccessorImpl.invoke0(Native Method)
	at sun.reflect.NativeMethodAccessorImpl.invoke(NativeMethodAccessorImpl.java:62)
	at sun.reflect.DelegatingMethodAccessorImpl.invoke(DelegatingMethodAccessorImpl.java:43)
	at java.lang.reflect.Method.invoke(Method.java:483)
	at org.testng.internal.MethodInvocationHelper.invokeMethod(MethodInvocationHelper.java:124)
	at org.testng.internal.Invoker.invokeMethod(Invoker.java:571)
	at org.testng.internal.Invoker.invokeTestMethod(Invoker.java:707)
	at org.testng.internal.Invoker.invokeTestMethods(Invoker.java:979)
	at org.testng.internal.TestMethodWorker.invokeTestMethods(TestMethodWorker.java:125)
	at org.testng.internal.TestMethodWorker.run(TestMethodWorker.java:109)
	at org.testng.internal.thread.ThreadUtil$1.call(ThreadUtil.java:52)
	at java.util.concurrent.FutureTask.run(FutureTask.java:266)
	at java.util.concurrent.ThreadPoolExecutor.runWorker(ThreadPoolExecutor.java:1142)
	at java.util.concurrent.ThreadPoolExecutor$Worker.run(ThreadPoolExecutor.java:617)
	at java.lang.Thread.run(Thread.java:744)
</pre></div><a href='#' onClick='toggleBox("stack-trace366497505", this, "Click to show all stack frames", "Click to hide stack frames")'>Click to show all stack frames</a>
<div class='stack-trace' id='stack-trace366497505'><pre>http.HttpClientException: System level error, Code=[500].
	at http.HttpUtils.doGet(HttpUtils.java:73)
	at apitest.ApiTestNgTest.TestCase(ApiTestNgTest.java:31)
	at sun.reflect.NativeMethodAccessorImpl.invoke0(Native Method)
	at sun.reflect.NativeMethodAccessorImpl.invoke(NativeMethodAccessorImpl.java:62)
	at sun.reflect.DelegatingMethodAccessorImpl.invoke(DelegatingMethodAccessorImpl.java:43)
	at java.lang.reflect.Method.invoke(Method.java:483)
	at org.testng.internal.MethodInvocationHelper.invokeMethod(MethodInvocationHelper.java:124)
	at org.testng.internal.Invoker.invokeMethod(Invoker.java:571)
	at org.testng.internal.Invoker.invokeTestMethod(Invoker.java:707)
	at org.testng.internal.Invoker.invokeTestMethods(Invoker.java:979)
	at org.testng.internal.TestMethodWorker.invokeTestMethods(TestMethodWorker.java:125)
	at org.testng.internal.TestMethodWorker.run(TestMethodWorker.java:109)
	at org.testng.internal.thread.ThreadUtil$1.call(ThreadUtil.java:52)
	at java.util.concurrent.FutureTask.run(FutureTask.java:266)
	at java.util.concurrent.ThreadPoolExecutor.runWorker(ThreadPoolExecutor.java:1142)
	at java.util.concurrent.ThreadPoolExecutor$Worker.run(ThreadPoolExecutor.java:617)
	at java.lang.Thread.run(Thread.java:744)
</pre></div></td>
<td>0</td>
<td>apitest.ApiTestNgTest@4501b7af</td></tr>
<tr>
<td title='apitest.ApiTestNgTest.TestCase()'><b>TestCase</b><br>Test class: apitest.ApiTestNgTest<br>Parameters: TestCase [type=get, url=http://www.baidu.com?pid=${id}&test=${name_g1}, params=null, header=null, result=null, check=null, correlation=null]</td>
<td><div><pre>java.lang.NullPointerException
	at utils.PatternUtils.matcher(PatternUtils.java:21)
	at apitest.ApiTestNgTest.TestCase(ApiTestNgTest.java:27)
	at sun.reflect.NativeMethodAccessorImpl.invoke0(Native Method)
	at sun.reflect.NativeMethodAccessorImpl.invoke(NativeMethodAccessorImpl.java:62)
	at sun.reflect.DelegatingMethodAccessorImpl.invoke(DelegatingMethodAccessorImpl.java:43)
	at java.lang.reflect.Method.invoke(Method.java:483)
	at org.testng.internal.MethodInvocationHelper.invokeMethod(MethodInvocationHelper.java:124)
	at org.testng.internal.Invoker.invokeMethod(Invoker.java:571)
	at org.testng.internal.Invoker.invokeTestMethod(Invoker.java:707)
	at org.testng.internal.Invoker.invokeTestMethods(Invoker.java:979)
	at org.testng.internal.TestMethodWorker.invokeTestMethods(TestMethodWorker.java:125)
	at org.testng.internal.TestMethodWorker.run(TestMethodWorker.java:109)
	at org.testng.internal.thread.ThreadUtil$1.call(ThreadUtil.java:52)
	at java.util.concurrent.FutureTask.run(FutureTask.java:266)
	at java.util.concurrent.ThreadPoolExecutor.runWorker(ThreadPoolExecutor.java:1142)
	at java.util.concurrent.ThreadPoolExecutor$Worker.run(ThreadPoolExecutor.java:617)
	at java.lang.Thread.run(Thread.java:744)
</pre></div><a href='#' onClick='toggleBox("stack-trace2075387359", this, "Click to show all stack frames", "Click to hide stack frames")'>Click to show all stack frames</a>
<div class='stack-trace' id='stack-trace2075387359'><pre>java.lang.NullPointerException
	at utils.PatternUtils.matcher(PatternUtils.java:21)
	at apitest.ApiTestNgTest.TestCase(ApiTestNgTest.java:27)
	at sun.reflect.NativeMethodAccessorImpl.invoke0(Native Method)
	at sun.reflect.NativeMethodAccessorImpl.invoke(NativeMethodAccessorImpl.java:62)
	at sun.reflect.DelegatingMethodAccessorImpl.invoke(DelegatingMethodAccessorImpl.java:43)
	at java.lang.reflect.Method.invoke(Method.java:483)
	at org.testng.internal.MethodInvocationHelper.invokeMethod(MethodInvocationHelper.java:124)
	at org.testng.internal.Invoker.invokeMethod(Invoker.java:571)
	at org.testng.internal.Invoker.invokeTestMethod(Invoker.java:707)
	at org.testng.internal.Invoker.invokeTestMethods(Invoker.java:979)
	at org.testng.internal.TestMethodWorker.invokeTestMethods(TestMethodWorker.java:125)
	at org.testng.internal.TestMethodWorker.run(TestMethodWorker.java:109)
	at org.testng.internal.thread.ThreadUtil$1.call(ThreadUtil.java:52)
	at java.util.concurrent.FutureTask.run(FutureTask.java:266)
	at java.util.concurrent.ThreadPoolExecutor.runWorker(ThreadPoolExecutor.java:1142)
	at java.util.concurrent.ThreadPoolExecutor$Worker.run(ThreadPoolExecutor.java:617)
	at java.lang.Thread.run(Thread.java:744)
</pre></div></td>
<td>0</td>
<td>apitest.ApiTestNgTest@4501b7af</td></tr>
<tr>
<td title='apitest.ApiTestNgTest.TestCase()'><b>TestCase</b><br>Test class: apitest.ApiTestNgTest<br>Parameters: TestCase [type=get, url=http://www.baidu.com?pid=${id}&test=${name_g1}, params=null, header=null, result=null, check=null, correlation=null]</td>
<td><div><pre>java.lang.NullPointerException
	at utils.PatternUtils.matcher(PatternUtils.java:21)
	at apitest.ApiTestNgTest.TestCase(ApiTestNgTest.java:27)
	at sun.reflect.NativeMethodAccessorImpl.invoke0(Native Method)
	at sun.reflect.NativeMethodAccessorImpl.invoke(NativeMethodAccessorImpl.java:62)
	at sun.reflect.DelegatingMethodAccessorImpl.invoke(DelegatingMethodAccessorImpl.java:43)
	at java.lang.reflect.Method.invoke(Method.java:483)
	at org.testng.internal.MethodInvocationHelper.invokeMethod(MethodInvocationHelper.java:124)
	at org.testng.internal.Invoker.invokeMethod(Invoker.java:571)
	at org.testng.internal.Invoker.invokeTestMethod(Invoker.java:707)
	at org.testng.internal.Invoker.invokeTestMethods(Invoker.java:979)
	at org.testng.internal.TestMethodWorker.invokeTestMethods(TestMethodWorker.java:125)
	at org.testng.internal.TestMethodWorker.run(TestMethodWorker.java:109)
	at org.testng.internal.thread.ThreadUtil$1.call(ThreadUtil.java:52)
	at java.util.concurrent.FutureTask.run(FutureTask.java:266)
	at java.util.concurrent.ThreadPoolExecutor.runWorker(ThreadPoolExecutor.java:1142)
	at java.util.concurrent.ThreadPoolExecutor$Worker.run(ThreadPoolExecutor.java:617)
	at java.lang.Thread.run(Thread.java:744)
</pre></div><a href='#' onClick='toggleBox("stack-trace987693168", this, "Click to show all stack frames", "Click to hide stack frames")'>Click to show all stack frames</a>
<div class='stack-trace' id='stack-trace987693168'><pre>java.lang.NullPointerException
	at utils.PatternUtils.matcher(PatternUtils.java:21)
	at apitest.ApiTestNgTest.TestCase(ApiTestNgTest.java:27)
	at sun.reflect.NativeMethodAccessorImpl.invoke0(Native Method)
	at sun.reflect.NativeMethodAccessorImpl.invoke(NativeMethodAccessorImpl.java:62)
	at sun.reflect.DelegatingMethodAccessorImpl.invoke(DelegatingMethodAccessorImpl.java:43)
	at java.lang.reflect.Method.invoke(Method.java:483)
	at org.testng.internal.MethodInvocationHelper.invokeMethod(MethodInvocationHelper.java:124)
	at org.testng.internal.Invoker.invokeMethod(Invoker.java:571)
	at org.testng.internal.Invoker.invokeTestMethod(Invoker.java:707)
	at org.testng.internal.Invoker.invokeTestMethods(Invoker.java:979)
	at org.testng.internal.TestMethodWorker.invokeTestMethods(TestMethodWorker.java:125)
	at org.testng.internal.TestMethodWorker.run(TestMethodWorker.java:109)
	at org.testng.internal.thread.ThreadUtil$1.call(ThreadUtil.java:52)
	at java.util.concurrent.FutureTask.run(FutureTask.java:266)
	at java.util.concurrent.ThreadPoolExecutor.runWorker(ThreadPoolExecutor.java:1142)
	at java.util.concurrent.ThreadPoolExecutor$Worker.run(ThreadPoolExecutor.java:617)
	at java.lang.Thread.run(Thread.java:744)
</pre></div></td>
<td>0</td>
<td>apitest.ApiTestNgTest@4501b7af</td></tr>
</table><p>
<table width='100%' border='1' class='invocation-passed'>
<tr><td colspan='4' align='center'><b>PASSED TESTS</b></td></tr>
<tr><td><b>Test method</b></td>
<td width="30%"><b>Exception</b></td>
<td width="10%"><b>Time (seconds)</b></td>
<td><b>Instance</b></td>
</tr>
<tr>
<td title='apitest.ApiTestNgTest.TestCase()'><b>TestCase</b><br>Test class: apitest.ApiTestNgTest<br>Parameters: TestCase [type=postjson, url=http://59.110.139.20:8080/goods/json2, params={"count":10}, header=token=61b3590090982a0185dda9d3bd793b46, result=null, check=null, correlation=name_*=$..name;pwd_*=$..pwd]</td>
<td></td>
<td>0</td>
<td>apitest.ApiTestNgTest@4501b7af</td></tr>
<tr>
<td title='apitest.ApiTestNgTest.TestCase()'><b>TestCase</b><br>Test class: apitest.ApiTestNgTest<br>Parameters: TestCase [type=postjson, url=http://59.110.139.20:8080/goods/json2, params={"count":10}, header=token=61b3590090982a0185dda9d3bd793b46, result=null, check=null, correlation=name_*=$..name;pwd_*=$..pwd]</td>
<td></td>
<td>0</td>
<td>apitest.ApiTestNgTest@4501b7af</td></tr>
<tr>
<td title='apitest.ApiTestNgTest.TestCase()'><b>TestCase</b><br>Test class: apitest.ApiTestNgTest<br>Parameters: TestCase [type=get, url=http://59.110.139.20:8080/goods/UserServlet?method=loginMobile&loginname=test1&loginpass=test1, params=null, header=token=11;user=123;, result=null, check=$.code=1, correlation=id=$.uid]</td>
<td></td>
<td>1</td>
<td>apitest.ApiTestNgTest@4501b7af</td></tr>
<tr>
<td title='apitest.ApiTestNgTest.TestCase()'><b>TestCase</b><br>Test class: apitest.ApiTestNgTest<br>Parameters: TestCase [type=postjson, url=http://59.110.139.20:8080/goods/json2, params={"count":10}, header=token=61b3590090982a0185dda9d3bd793b46, result=null, check=null, correlation=name_*=$..name;pwd_*=$..pwd]</td>
<td></td>
<td>0</td>
<td>apitest.ApiTestNgTest@4501b7af</td></tr>
<tr>
<td title='apitest.ApiTestNgTest.TestCase()'><b>TestCase</b><br>Test class: apitest.ApiTestNgTest<br>Parameters: TestCase [type=get, url=http://59.110.139.20:8080/goods/UserServlet?method=loginMobile&loginname=test1&loginpass=test1, params=null, header=token=11;user=123;, result=null, check=$.code=1, correlation=id=$.uid]</td>
<td></td>
<td>0</td>
<td>apitest.ApiTestNgTest@4501b7af</td></tr>
<tr>
<td title='apitest.ApiTestNgTest.TestCase()'><b>TestCase</b><br>Test class: apitest.ApiTestNgTest<br>Parameters: TestCase [type=postjson, url=http://59.110.139.20:8080/goods/json2, params={"count":10}, header=token=61b3590090982a0185dda9d3bd793b46, result=null, check=null, correlation=name_*=$..name;pwd_*=$..pwd]</td>
<td></td>
<td>0</td>
<td>apitest.ApiTestNgTest@4501b7af</td></tr>
<tr>
<td title='apitest.ApiTestNgTest.TestCase()'><b>TestCase</b><br>Test class: apitest.ApiTestNgTest<br>Parameters: TestCase [type=get, url=http://59.110.139.20:8080/goods/UserServlet?method=loginMobile&loginname=test1&loginpass=test1, params=null, header=token=11;user=123;, result=null, check=$.code=1, correlation=id=$.uid]</td>
<td></td>
<td>0</td>
<td>apitest.ApiTestNgTest@4501b7af</td></tr>
<tr>
<td title='apitest.ApiTestNgTest.TestCase()'><b>TestCase</b><br>Test class: apitest.ApiTestNgTest<br>Parameters: TestCase [type=postjson, url=http://59.110.139.20:8080/goods/json2, params={"count":10}, header=token=61b3590090982a0185dda9d3bd793b46, result=null, check=null, correlation=name_*=$..name;pwd_*=$..pwd]</td>
<td></td>
<td>0</td>
<td>apitest.ApiTestNgTest@4501b7af</td></tr>
<tr>
<td title='apitest.ApiTestNgTest.TestCase()'><b>TestCase</b><br>Test class: apitest.ApiTestNgTest<br>Parameters: TestCase [type=get, url=http://www.baidu.com?pid=E2BBEDC09FAA4406B8D85C96DF6281CF&test=testfan0, params=null, header=null, result=null, check=null, correlation=null]</td>
<td></td>
<td>0</td>
<td>apitest.ApiTestNgTest@4501b7af</td></tr>
<tr>
<td title='apitest.ApiTestNgTest.TestCase()'><b>TestCase</b><br>Test class: apitest.ApiTestNgTest<br>Parameters: TestCase [type=get, url=http://www.baidu.com?pid=E2BBEDC09FAA4406B8D85C96DF6281CF&test=testfan0, params=null, header=null, result=null, check=null, correlation=null]</td>
<td></td>
<td>0</td>
<td>apitest.ApiTestNgTest@4501b7af</td></tr>
<tr>
<td title='apitest.ApiTestNgTest.TestCase()'><b>TestCase</b><br>Test class: apitest.ApiTestNgTest<br>Parameters: TestCase [type=get, url=http://www.baidu.com?pid=E2BBEDC09FAA4406B8D85C96DF6281CF&test=testfan0, params=null, header=null, result=null, check=null, correlation=null]</td>
<td></td>
<td>0</td>
<td>apitest.ApiTestNgTest@4501b7af</td></tr>
</table><p>
</body>
</html>