<?xml version="1.0" encoding="utf-8" ?>
<!DOCTYPE html PUBLIC "-//W3C//DTD XHTML 1.0 Strict//EN"
        "http://www.w3.org/TR/xhtml1/DTD/xhtml1-strict.dtd">
<html xmlns="http://www.w3.org/1999/xhtml" xml:lang="" lang="">
<head>
  <title>Test Results Report - testDemo1</title>
  <meta http-equiv="Content-Type" content="text/html;charset=utf-8" />
  <meta name="description" content="TestNG unit test results." />
  <link href="reportng.css" rel="stylesheet" type="text/css" />
    <script type="text/javascript" src="reportng.js"></script>
</head>
<body>
<h1>testDemo1</h1>
<p>
  Test duration: 1.307s
</p>



  <table class="resultsTable">
    <tr><th colspan="3" class="header failed">Failed Tests</th></tr>
          <tr>
        <td colspan="3" class="group">apitest.ApiTestNgTest</td>
      </tr>
            
<tr>
  <td class="method">
                  TestCase
      </td>
  <td class="duration">
    0.018s
  </td>
  <td class="result">
        
          <i>Method arguments: </i><span class="arguments">TestCase [type=postjson, url=http://59.110.139.20:8080/goods/json2, params={"count":10}, header=token=61b3590090982a0185dda9d3bd793b46, result=null, check=null, correlation=name_*=$..name;pwd_*=$..pwd]</span><br />
    
        

        <a href="javascript:toggleElement('exception-0', 'block')" title="Click to expand/collapse"><b>java.lang.AssertionError: expected [true] but found [false]</b></a><br />
    <div class="stackTrace" id="exception-0">
              org.testng.Assert.fail(Assert.java:96)<br />
              org.testng.Assert.failNotEquals(Assert.java:776)<br />
              org.testng.Assert.assertTrue(Assert.java:44)<br />
              org.testng.Assert.assertTrue(Assert.java:54)<br />
              apitest.ApiTestNgTest.TestCase(ApiTestNgTest.java:42)<br />
              sun.reflect.NativeMethodAccessorImpl.invoke0(Native Method)<br />
              sun.reflect.NativeMethodAccessorImpl.invoke(NativeMethodAccessorImpl.java:62)<br />
              sun.reflect.DelegatingMethodAccessorImpl.invoke(DelegatingMethodAccessorImpl.java:43)<br />
              java.lang.reflect.Method.invoke(Method.java:483)<br />
              org.testng.internal.MethodInvocationHelper.invokeMethod(MethodInvocationHelper.java:124)<br />
              org.testng.internal.Invoker.invokeMethod(Invoker.java:571)<br />
              org.testng.internal.Invoker.retryFailed(Invoker.java:829)<br />
              org.testng.internal.Invoker.invokeTestMethods(Invoker.java:1000)<br />
              org.testng.internal.TestMethodWorker.invokeTestMethods(TestMethodWorker.java:125)<br />
              org.testng.internal.TestMethodWorker.run(TestMethodWorker.java:109)<br />
              org.testng.TestRunner.privateRun(TestRunner.java:648)<br />
              org.testng.TestRunner.run(TestRunner.java:505)<br />
              org.testng.SuiteRunner.runTest(SuiteRunner.java:455)<br />
              org.testng.SuiteRunner.runSequentially(SuiteRunner.java:450)<br />
              org.testng.SuiteRunner.privateRun(SuiteRunner.java:415)<br />
              org.testng.SuiteRunner.run(SuiteRunner.java:364)<br />
              org.testng.SuiteRunnerWorker.runSuite(SuiteRunnerWorker.java:52)<br />
              org.testng.SuiteRunnerWorker.run(SuiteRunnerWorker.java:84)<br />
              org.testng.TestNG.runSuitesSequentially(TestNG.java:1187)<br />
              org.testng.TestNG.runSuitesLocally(TestNG.java:1116)<br />
              org.testng.TestNG.runSuites(TestNG.java:1028)<br />
              org.testng.TestNG.run(TestNG.java:996)<br />
              org.testng.remote.AbstractRemoteTestNG.run(AbstractRemoteTestNG.java:114)<br />
              org.testng.remote.RemoteTestNG.initAndRun(RemoteTestNG.java:251)<br />
              org.testng.remote.RemoteTestNG.main(RemoteTestNG.java:77)<br />
                </div>
      </td>
</tr>
<tr>
  <td class="method">
                  TestCase
      </td>
  <td class="duration">
    0.026s
  </td>
  <td class="result">
        
          <i>Method arguments: </i><span class="arguments">TestCase [type=get, url=http://www.baidu.com?pid=E2BBEDC09FAA4406B8D85C96DF6281CF&test=testfan0, params=null, header=null, result=null, check=null, correlation=null]</span><br />
    
        

        <a href="javascript:toggleElement('exception-1', 'block')" title="Click to expand/collapse"><b>java.lang.AssertionError: expected [true] but found [false]</b></a><br />
    <div class="stackTrace" id="exception-1">
              org.testng.Assert.fail(Assert.java:96)<br />
              org.testng.Assert.failNotEquals(Assert.java:776)<br />
              org.testng.Assert.assertTrue(Assert.java:44)<br />
              org.testng.Assert.assertTrue(Assert.java:54)<br />
              apitest.ApiTestNgTest.TestCase(ApiTestNgTest.java:42)<br />
              sun.reflect.NativeMethodAccessorImpl.invoke0(Native Method)<br />
              sun.reflect.NativeMethodAccessorImpl.invoke(NativeMethodAccessorImpl.java:62)<br />
              sun.reflect.DelegatingMethodAccessorImpl.invoke(DelegatingMethodAccessorImpl.java:43)<br />
              java.lang.reflect.Method.invoke(Method.java:483)<br />
              org.testng.internal.MethodInvocationHelper.invokeMethod(MethodInvocationHelper.java:124)<br />
              org.testng.internal.Invoker.invokeMethod(Invoker.java:571)<br />
              org.testng.internal.Invoker.retryFailed(Invoker.java:829)<br />
              org.testng.internal.Invoker.invokeTestMethods(Invoker.java:1000)<br />
              org.testng.internal.TestMethodWorker.invokeTestMethods(TestMethodWorker.java:125)<br />
              org.testng.internal.TestMethodWorker.run(TestMethodWorker.java:109)<br />
              org.testng.TestRunner.privateRun(TestRunner.java:648)<br />
              org.testng.TestRunner.run(TestRunner.java:505)<br />
              org.testng.SuiteRunner.runTest(SuiteRunner.java:455)<br />
              org.testng.SuiteRunner.runSequentially(SuiteRunner.java:450)<br />
              org.testng.SuiteRunner.privateRun(SuiteRunner.java:415)<br />
              org.testng.SuiteRunner.run(SuiteRunner.java:364)<br />
              org.testng.SuiteRunnerWorker.runSuite(SuiteRunnerWorker.java:52)<br />
              org.testng.SuiteRunnerWorker.run(SuiteRunnerWorker.java:84)<br />
              org.testng.TestNG.runSuitesSequentially(TestNG.java:1187)<br />
              org.testng.TestNG.runSuitesLocally(TestNG.java:1116)<br />
              org.testng.TestNG.runSuites(TestNG.java:1028)<br />
              org.testng.TestNG.run(TestNG.java:996)<br />
              org.testng.remote.AbstractRemoteTestNG.run(AbstractRemoteTestNG.java:114)<br />
              org.testng.remote.RemoteTestNG.initAndRun(RemoteTestNG.java:251)<br />
              org.testng.remote.RemoteTestNG.main(RemoteTestNG.java:77)<br />
                </div>
      </td>
</tr>
<tr>
  <td class="method">
                  TestCase
      </td>
  <td class="duration">
    0.032s
  </td>
  <td class="result">
        
          <i>Method arguments: </i><span class="arguments">TestCase [type=get, url=http://59.110.139.20:8080/goods/UserServlet?method=loginMobile&loginname=test1&loginpass=test1, params=null, header=token=11;user=123;, result=null, check=$.code=1, correlation=id=$.uid]</span><br />
    
        

        <a href="javascript:toggleElement('exception-2', 'block')" title="Click to expand/collapse"><b>java.lang.AssertionError: expected [true] but found [false]</b></a><br />
    <div class="stackTrace" id="exception-2">
              org.testng.Assert.fail(Assert.java:96)<br />
              org.testng.Assert.failNotEquals(Assert.java:776)<br />
              org.testng.Assert.assertTrue(Assert.java:44)<br />
              org.testng.Assert.assertTrue(Assert.java:54)<br />
              apitest.ApiTestNgTest.TestCase(ApiTestNgTest.java:42)<br />
              sun.reflect.NativeMethodAccessorImpl.invoke0(Native Method)<br />
              sun.reflect.NativeMethodAccessorImpl.invoke(NativeMethodAccessorImpl.java:62)<br />
              sun.reflect.DelegatingMethodAccessorImpl.invoke(DelegatingMethodAccessorImpl.java:43)<br />
              java.lang.reflect.Method.invoke(Method.java:483)<br />
              org.testng.internal.MethodInvocationHelper.invokeMethod(MethodInvocationHelper.java:124)<br />
              org.testng.internal.Invoker.invokeMethod(Invoker.java:571)<br />
              org.testng.internal.Invoker.retryFailed(Invoker.java:829)<br />
              org.testng.internal.Invoker.invokeTestMethods(Invoker.java:1000)<br />
              org.testng.internal.TestMethodWorker.invokeTestMethods(TestMethodWorker.java:125)<br />
              org.testng.internal.TestMethodWorker.run(TestMethodWorker.java:109)<br />
              org.testng.TestRunner.privateRun(TestRunner.java:648)<br />
              org.testng.TestRunner.run(TestRunner.java:505)<br />
              org.testng.SuiteRunner.runTest(SuiteRunner.java:455)<br />
              org.testng.SuiteRunner.runSequentially(SuiteRunner.java:450)<br />
              org.testng.SuiteRunner.privateRun(SuiteRunner.java:415)<br />
              org.testng.SuiteRunner.run(SuiteRunner.java:364)<br />
              org.testng.SuiteRunnerWorker.runSuite(SuiteRunnerWorker.java:52)<br />
              org.testng.SuiteRunnerWorker.run(SuiteRunnerWorker.java:84)<br />
              org.testng.TestNG.runSuitesSequentially(TestNG.java:1187)<br />
              org.testng.TestNG.runSuitesLocally(TestNG.java:1116)<br />
              org.testng.TestNG.runSuites(TestNG.java:1028)<br />
              org.testng.TestNG.run(TestNG.java:996)<br />
              org.testng.remote.AbstractRemoteTestNG.run(AbstractRemoteTestNG.java:114)<br />
              org.testng.remote.RemoteTestNG.initAndRun(RemoteTestNG.java:251)<br />
              org.testng.remote.RemoteTestNG.main(RemoteTestNG.java:77)<br />
                </div>
      </td>
</tr>
      </table>

  <table class="resultsTable" width="100%">
    <tr><th colspan="3" class="header skipped">Skipped Tests</th></tr>
          <tr>
        <td colspan="3" class="group">apitest.ApiTestNgTest</td>
      </tr>
            
<tr>
  <td class="method">
                  TestCase
      </td>
  <td class="duration">
    0.935s
  </td>
  <td class="result">
                               
          <i>Method arguments: </i><span class="arguments">TestCase [type=get, url=http://59.110.139.20:8080/goods/UserServlet?method=loginMobile&loginname=test1&loginpass=test1, params=null, header=token=11;user=123;, result=null, check=$.code=1, correlation=id=$.uid]</span><br />
    
            <div class="testOutput">
                        方法&lt;TestCase&gt;执行失败，重试第1次<br />
                  </div>
    

      </td>
</tr>
<tr>
  <td class="method">
                  TestCase
      </td>
  <td class="duration">
    0.043s
  </td>
  <td class="result">
                               
          <i>Method arguments: </i><span class="arguments">TestCase [type=get, url=http://59.110.139.20:8080/goods/UserServlet?method=loginMobile&loginname=test1&loginpass=test1, params=null, header=token=11;user=123;, result=null, check=$.code=1, correlation=id=$.uid]</span><br />
    
            <div class="testOutput">
                        方法&lt;TestCase&gt;执行失败，重试第2次<br />
                  </div>
    

      </td>
</tr>
<tr>
  <td class="method">
                  TestCase
      </td>
  <td class="duration">
    0.019s
  </td>
  <td class="result">
                               
          <i>Method arguments: </i><span class="arguments">TestCase [type=postjson, url=http://59.110.139.20:8080/goods/json2, params={"count":10}, header=token=61b3590090982a0185dda9d3bd793b46, result=null, check=null, correlation=name_*=$..name;pwd_*=$..pwd]</span><br />
    
            <div class="testOutput">
                        方法&lt;TestCase&gt;执行失败，重试第2次<br />
                  </div>
    

      </td>
</tr>
<tr>
  <td class="method">
                  TestCase
      </td>
  <td class="duration">
    0.078s
  </td>
  <td class="result">
                               
          <i>Method arguments: </i><span class="arguments">TestCase [type=get, url=http://www.baidu.com?pid=E2BBEDC09FAA4406B8D85C96DF6281CF&test=testfan0, params=null, header=null, result=null, check=null, correlation=null]</span><br />
    
            <div class="testOutput">
                        方法&lt;TestCase&gt;执行失败，重试第2次<br />
                  </div>
    

      </td>
</tr>
<tr>
  <td class="method">
                  TestCase
      </td>
  <td class="duration">
    0.027s
  </td>
  <td class="result">
                               
          <i>Method arguments: </i><span class="arguments">TestCase [type=get, url=http://www.baidu.com?pid=E2BBEDC09FAA4406B8D85C96DF6281CF&test=testfan0, params=null, header=null, result=null, check=null, correlation=null]</span><br />
    
            <div class="testOutput">
                        方法&lt;TestCase&gt;执行失败，重试第3次<br />
                  </div>
    

      </td>
</tr>
<tr>
  <td class="method">
                  TestCase
      </td>
  <td class="duration">
    0.031s
  </td>
  <td class="result">
                               
          <i>Method arguments: </i><span class="arguments">TestCase [type=postjson, url=http://59.110.139.20:8080/goods/json2, params={"count":10}, header=token=61b3590090982a0185dda9d3bd793b46, result=null, check=null, correlation=name_*=$..name;pwd_*=$..pwd]</span><br />
    
            <div class="testOutput">
                        方法&lt;TestCase&gt;执行失败，重试第1次<br />
                  </div>
    

      </td>
</tr>
<tr>
  <td class="method">
                  TestCase
      </td>
  <td class="duration">
    0.059s
  </td>
  <td class="result">
                               
          <i>Method arguments: </i><span class="arguments">TestCase [type=get, url=http://www.baidu.com?pid=E2BBEDC09FAA4406B8D85C96DF6281CF&test=testfan0, params=null, header=null, result=null, check=null, correlation=null]</span><br />
    
            <div class="testOutput">
                        方法&lt;TestCase&gt;执行失败，重试第1次<br />
                  </div>
    

      </td>
</tr>
<tr>
  <td class="method">
                  TestCase
      </td>
  <td class="duration">
    0.017s
  </td>
  <td class="result">
                               
          <i>Method arguments: </i><span class="arguments">TestCase [type=postjson, url=http://59.110.139.20:8080/goods/json2, params={"count":10}, header=token=61b3590090982a0185dda9d3bd793b46, result=null, check=null, correlation=name_*=$..name;pwd_*=$..pwd]</span><br />
    
            <div class="testOutput">
                        方法&lt;TestCase&gt;执行失败，重试第3次<br />
                  </div>
    

      </td>
</tr>
<tr>
  <td class="method">
                  TestCase
      </td>
  <td class="duration">
    0.022s
  </td>
  <td class="result">
                               
          <i>Method arguments: </i><span class="arguments">TestCase [type=get, url=http://59.110.139.20:8080/goods/UserServlet?method=loginMobile&loginname=test1&loginpass=test1, params=null, header=token=11;user=123;, result=null, check=$.code=1, correlation=id=$.uid]</span><br />
    
            <div class="testOutput">
                        方法&lt;TestCase&gt;执行失败，重试第3次<br />
                  </div>
    

      </td>
</tr>
      </table>

  
</body>
</html>
